2024-08-30 02:02:31,072 - adx_logs - ERROR - Missing column: high
2024-08-30 02:33:17,074 - adx_logs - INFO - ADX calculation completed.
2024-08-30 02:37:21,066 - adx_logs - INFO - ADX calculation completed.
2024-08-30 02:37:50,773 - adx_logs - INFO - ADX calculation completed.
2024-08-30 02:51:30,643 - adx_logs - INFO - ADX calculation completed.
2024-08-30 02:52:47,295 - adx_logs - INFO - ADX calculation completed.
2024-08-30 04:29:06,446 - adx_logs - INFO - ADX calculation completed.
2024-08-30 04:33:28,934 - adx_logs - INFO - ADX calculation completed.
2024-08-30 04:35:22,100 - adx_logs - INFO - ADX calculation completed.
2024-08-30 04:48:53,266 - adx_logs - INFO - ADX calculation completed.
2024-08-30 04:52:02,407 - adx_logs - INFO - ADX calculation completed.
2024-08-30 05:07:27,075 - adx_logs - INFO - ADX calculation completed.
2024-08-30 05:13:52,375 - adx_logs - INFO - ADX calculation completed.
2024-08-30 05:16:01,584 - adx_logs - INFO - ADX calculation completed.
2024-08-30 05:20:15,098 - adx_logs - INFO - ADX calculation completed.
2024-08-30 05:20:59,414 - adx_logs - INFO - ADX calculation completed.
2024-08-30 09:44:42,259 - adx_logs - INFO - ADX calculation completed.
2024-09-02 09:39:16,604 - adx_logs - INFO - ADX calculation completed.
2024-09-04 08:08:26,854 - adx_logs - INFO - ADX calculation completed.
2024-09-04 08:14:25,975 - adx_logs - INFO - ADX calculation completed.
2024-09-07 10:09:03,657 - adx_logs - INFO - ADX calculation completed.
2024-09-07 10:15:08,214 - adx_logs - INFO - ADX calculation completed.
2024-09-07 23:43:02,543 - adx_logs - INFO - ADX calculation completed.
2024-09-07 23:53:26,082 - adx_logs - INFO - ADX calculation completed.
2024-09-07 23:56:00,568 - adx_logs - INFO - ADX calculation completed.
2024-09-08 00:00:00,643 - adx_logs - INFO - ADX calculation completed.
2024-09-08 00:04:10,155 - adx_logs - INFO - ADX calculation completed.
2024-09-08 08:41:02,756 - adx_logs - INFO - ADX calculation completed.
2024-09-08 08:42:53,013 - adx_logs - INFO - ADX calculation completed.
2024-09-08 08:46:45,425 - adx_logs - INFO - ADX calculation completed.
2024-09-08 10:08:17,590 - adx_logs - INFO - ADX calculation completed.
2024-09-08 11:08:50,472 - adx_logs - INFO - ADX calculation completed.
2024-09-08 16:43:18,580 - adx_logs - INFO - ADX calculation completed.
2024-09-08 16:45:37,174 - adx_logs - INFO - ADX calculation completed.
2024-09-08 16:59:06,030 - adx_logs - INFO - ADX calculation completed.
2024-09-08 17:08:11,201 - adx_logs - INFO - ADX calculation completed.
2024-09-08 17:19:02,267 - adx_logs - INFO - ADX calculation completed.
2024-09-08 17:19:50,042 - adx_logs - INFO - ADX calculation completed.
2024-09-08 17:20:50,012 - adx_logs - INFO - ADX calculation completed.
2024-09-08 17:21:41,572 - adx_logs - INFO - ADX calculation completed.
2024-09-08 17:27:12,267 - adx_logs - INFO - ADX calculation completed.
2024-09-08 17:29:59,951 - adx_logs - INFO - ADX calculation completed.
2024-09-08 17:31:22,718 - adx_logs - INFO - ADX calculation completed.
2024-09-08 17:34:18,188 - adx_logs - INFO - ADX calculation completed.
2024-09-08 17:35:05,084 - adx_logs - INFO - ADX calculation completed.
2024-09-14 13:13:43,813 - adx_logs - INFO - ADX calculation completed.
2024-09-14 13:13:43,880 - adx_logs - INFO - Inserted ADX results for EUR_USD into SQLite.
2024-09-14 13:13:43,936 - adx_logs - INFO - ADX calculation completed.
2024-09-14 13:13:43,982 - adx_logs - INFO - Inserted ADX results for GBP_USD into SQLite.
2024-09-14 13:13:44,039 - adx_logs - INFO - ADX calculation completed.
2024-09-14 13:13:44,086 - adx_logs - INFO - Inserted ADX results for USD_JPY into SQLite.
2024-09-14 13:13:44,144 - adx_logs - INFO - ADX calculation completed.
2024-09-14 13:13:44,191 - adx_logs - INFO - Inserted ADX results for AUD_USD into SQLite.
2024-09-14 13:13:44,247 - adx_logs - INFO - ADX calculation completed.
2024-09-14 13:13:44,294 - adx_logs - INFO - Inserted ADX results for USD_CHF into SQLite.
2024-09-14 13:13:44,352 - adx_logs - INFO - ADX calculation completed.
2024-09-14 13:13:44,399 - adx_logs - INFO - Inserted ADX results for USD_CAD into SQLite.
2024-09-15 19:30:14,436 - adx_logs - INFO - ADX calculation for period=5 completed.
2024-09-18 15:10:04,218 - adx_logs - INFO - ADX calculation for period=5 completed.
2024-09-18 15:13:19,195 - adx_logs - INFO - ADX calculation for period=5 completed.
2024-09-18 15:13:19,195 - adx_logs - INFO - ADX calculation for period=5 completed.
