2024-08-30 01:15:48,203 - ema_logs - INFO - EMA calculation completed.
2024-08-30 01:22:32,150 - ema_logs - INFO - EMA calculation completed.
2024-08-30 01:30:26,072 - ema_logs - INFO - EMA calculation completed.
2024-08-30 01:36:21,997 - ema_logs - INFO - EMA calculation completed.
2024-08-30 02:02:31,088 - ema_logs - INFO - EMA calculation completed.
2024-08-30 02:07:51,369 - ema_logs - INFO - EMA calculation completed.
2024-08-30 02:11:02,194 - ema_logs - INFO - EMA calculation completed.
2024-08-30 02:21:52,924 - ema_logs - INFO - EMA calculation completed.
2024-08-30 02:22:41,717 - ema_logs - INFO - EMA calculation completed.
2024-08-30 02:23:17,757 - ema_logs - INFO - EMA calculation completed.
2024-08-30 02:33:17,082 - ema_logs - INFO - EMA calculation completed.
2024-08-30 02:37:21,073 - ema_logs - INFO - EMA calculation completed.
2024-08-30 02:37:50,779 - ema_logs - INFO - EMA calculation completed.
2024-08-30 02:45:29,156 - ema_logs - INFO - EMA calculation completed.
2024-08-30 02:51:30,651 - ema_logs - INFO - EMA calculation completed.
2024-08-30 02:52:47,302 - ema_logs - INFO - EMA calculation completed.
2024-08-30 04:29:10,026 - ema_logs - INFO - EMA calculation completed.
2024-08-30 04:33:28,949 - ema_logs - INFO - EMA calculation completed.
2024-08-30 04:35:22,108 - ema_logs - INFO - EMA calculation completed.
2024-08-30 04:48:53,272 - ema_logs - INFO - EMA calculation completed.
2024-08-30 04:52:02,422 - ema_logs - INFO - EMA calculation completed.
2024-08-30 05:07:27,090 - ema_logs - INFO - EMA calculation completed.
2024-08-30 05:13:52,421 - ema_logs - INFO - EMA calculation completed.
2024-08-30 05:16:01,592 - ema_logs - INFO - EMA calculation completed.
2024-08-30 05:20:15,118 - ema_logs - INFO - EMA calculation completed.
2024-08-30 05:20:59,432 - ema_logs - INFO - EMA calculation completed.
2024-08-30 09:44:42,288 - ema_logs - INFO - EMA calculation completed.
2024-09-02 09:39:16,618 - ema_logs - INFO - EMA calculation completed.
2024-09-04 08:08:26,867 - ema_logs - INFO - EMA calculation completed.
2024-09-04 08:14:25,990 - ema_logs - INFO - EMA calculation completed.
2024-09-07 10:09:05,974 - ema_logs - INFO - EMA calculation completed.
2024-09-07 10:15:08,226 - ema_logs - INFO - EMA calculation completed.
2024-09-07 23:43:02,556 - ema_logs - INFO - EMA calculation completed.
2024-09-07 23:53:26,091 - ema_logs - INFO - EMA calculation completed.
2024-09-07 23:56:00,581 - ema_logs - INFO - EMA calculation completed.
2024-09-08 00:00:00,650 - ema_logs - INFO - EMA calculation completed.
2024-09-08 00:04:10,167 - ema_logs - INFO - EMA calculation completed.
2024-09-08 08:41:02,770 - ema_logs - INFO - EMA calculation completed.
2024-09-08 08:42:53,025 - ema_logs - INFO - EMA calculation completed.
2024-09-08 08:46:45,431 - ema_logs - INFO - EMA calculation completed.
2024-09-08 10:08:17,602 - ema_logs - INFO - EMA calculation completed.
2024-09-08 11:08:50,484 - ema_logs - INFO - EMA calculation completed.
2024-09-08 16:43:18,588 - ema_logs - INFO - EMA calculation completed.
2024-09-08 16:45:37,180 - ema_logs - INFO - EMA calculation completed.
2024-09-08 16:59:06,041 - ema_logs - INFO - EMA calculation completed.
2024-09-08 17:08:11,209 - ema_logs - INFO - EMA calculation completed.
2024-09-08 17:19:02,274 - ema_logs - INFO - EMA calculation completed.
2024-09-08 17:19:50,050 - ema_logs - INFO - EMA calculation completed.
2024-09-08 17:20:50,018 - ema_logs - INFO - EMA calculation completed.
2024-09-08 17:21:41,579 - ema_logs - INFO - EMA calculation completed.
2024-09-08 17:27:12,272 - ema_logs - INFO - EMA calculation completed.
2024-09-08 17:29:59,957 - ema_logs - INFO - EMA calculation completed.
2024-09-08 17:31:22,724 - ema_logs - INFO - EMA calculation completed.
2024-09-08 17:34:18,195 - ema_logs - INFO - EMA calculation completed.
2024-09-08 17:35:05,090 - ema_logs - INFO - EMA calculation completed.
2024-09-13 23:25:27,064 - ema_logs - INFO - EMA calculation completed.
2024-09-13 23:36:53,551 - ema_logs - INFO - EMA calculation completed.
2024-09-13 23:42:14,112 - ema_logs - INFO - EMA calculation completed.
2024-09-13 23:48:33,762 - ema_logs - INFO - EMA calculation completed.
2024-09-14 00:11:53,835 - ema_logs - INFO - EMA calculation completed.
2024-09-14 07:08:54,382 - ema_logs - INFO - EMA calculation completed.
2024-09-14 13:13:44,825 - ema_logs - INFO - EMA calculation completed.
2024-09-14 13:13:44,870 - ema_logs - INFO - Inserted EMA results for EUR_USD into SQLite.
2024-09-14 13:13:44,927 - ema_logs - INFO - EMA calculation completed.
2024-09-14 13:13:44,962 - ema_logs - INFO - Inserted EMA results for GBP_USD into SQLite.
2024-09-14 13:13:45,016 - ema_logs - INFO - EMA calculation completed.
2024-09-14 13:13:45,047 - ema_logs - INFO - Inserted EMA results for USD_JPY into SQLite.
2024-09-14 13:13:45,101 - ema_logs - INFO - EMA calculation completed.
2024-09-14 13:13:45,129 - ema_logs - INFO - Inserted EMA results for AUD_USD into SQLite.
2024-09-14 13:13:45,189 - ema_logs - INFO - EMA calculation completed.
2024-09-14 13:13:45,218 - ema_logs - INFO - Inserted EMA results for USD_CHF into SQLite.
2024-09-14 13:13:45,272 - ema_logs - INFO - EMA calculation completed.
2024-09-14 13:13:45,300 - ema_logs - INFO - Inserted EMA results for USD_CAD into SQLite.
2024-09-15 18:44:59,531 - ema_logs - INFO - EMA calculation for period=5 completed.
2024-09-15 18:47:16,878 - ema_logs - INFO - EMA calculation for period=5 completed.
2024-09-15 18:49:09,037 - ema_logs - INFO - EMA calculation for period=5 completed.
2024-09-15 18:50:38,019 - ema_logs - INFO - EMA calculation for period=5 completed.
2024-09-15 19:06:38,609 - ema_logs - INFO - EMA calculation for period=5 completed.
2024-09-15 19:08:55,070 - ema_logs - INFO - EMA calculation for period=5 completed.
2024-09-15 19:10:37,582 - ema_logs - INFO - EMA calculation for period=5 completed.
2024-09-15 19:19:12,315 - ema_logs - INFO - EMA calculation for period=5 completed.
2024-09-15 19:20:29,982 - ema_logs - INFO - EMA calculation for period=5 completed.
2024-09-15 19:21:47,254 - ema_logs - INFO - EMA calculation for period=5 completed.
2024-09-15 19:30:14,446 - ema_logs - INFO - EMA calculation for period=5 completed.
2024-09-18 15:10:08,619 - ema_logs - INFO - EMA calculation for period=5 completed.
2024-09-18 15:13:19,203 - ema_logs - INFO - EMA calculation for period=5 completed.
