2024-08-29 09:53:54,881 - rsi_logs - WARNING - Insufficient data for RSI calculation.
2024-08-29 10:07:38,511 - rsi_logs - INFO - RSI calculation completed.
2024-08-30 01:15:48,225 - rsi_logs - INFO - RSI calculation completed.
2024-08-30 01:22:32,153 - rsi_logs - INFO - RSI calculation completed.
2024-08-30 01:30:26,096 - rsi_logs - INFO - RSI calculation completed.
2024-08-30 01:36:22,001 - rsi_logs - INFO - RSI calculation completed.
2024-08-30 02:02:31,093 - rsi_logs - INFO - RSI calculation completed.
2024-08-30 02:07:51,373 - rsi_logs - INFO - RSI calculation completed.
2024-08-30 02:11:02,198 - rsi_logs - INFO - RSI calculation completed.
2024-08-30 02:21:52,931 - rsi_logs - INFO - RSI calculation completed.
2024-08-30 02:22:41,737 - rsi_logs - INFO - RSI calculation completed.
2024-08-30 02:23:17,762 - rsi_logs - INFO - RSI calculation completed.
2024-08-30 02:33:17,088 - rsi_logs - INFO - RSI calculation completed.
2024-08-30 02:37:21,079 - rsi_logs - INFO - RSI calculation completed.
2024-08-30 02:37:50,784 - rsi_logs - INFO - RSI calculation completed.
2024-08-30 02:45:29,161 - rsi_logs - INFO - RSI calculation completed.
2024-08-30 02:51:30,657 - rsi_logs - INFO - RSI calculation completed.
2024-08-30 02:52:47,308 - rsi_logs - INFO - RSI calculation completed.
2024-08-30 04:29:13,461 - rsi_logs - INFO - RSI calculation completed.
2024-08-30 04:33:28,958 - rsi_logs - INFO - RSI calculation completed.
2024-08-30 04:35:22,114 - rsi_logs - INFO - RSI calculation completed.
2024-08-30 04:48:53,281 - rsi_logs - INFO - RSI calculation completed.
2024-08-30 04:52:02,437 - rsi_logs - INFO - RSI calculation completed.
2024-08-30 05:07:27,101 - rsi_logs - INFO - RSI calculation completed.
2024-08-30 05:13:52,477 - rsi_logs - INFO - RSI calculation completed.
2024-08-30 05:16:01,600 - rsi_logs - INFO - RSI calculation completed.
2024-08-30 05:20:15,135 - rsi_logs - INFO - RSI calculation completed.
2024-08-30 05:20:59,444 - rsi_logs - INFO - RSI calculation completed.
2024-08-30 09:44:42,295 - rsi_logs - INFO - RSI calculation completed.
2024-09-02 09:39:16,628 - rsi_logs - INFO - RSI calculation completed.
2024-09-04 08:08:26,877 - rsi_logs - INFO - RSI calculation completed.
2024-09-04 08:14:25,998 - rsi_logs - INFO - RSI calculation completed.
2024-09-07 10:09:08,276 - rsi_logs - INFO - RSI calculation completed.
2024-09-07 10:15:08,234 - rsi_logs - INFO - RSI calculation completed.
2024-09-07 23:43:02,565 - rsi_logs - INFO - RSI calculation completed.
2024-09-07 23:53:26,100 - rsi_logs - INFO - RSI calculation completed.
2024-09-07 23:56:00,590 - rsi_logs - INFO - RSI calculation completed.
2024-09-08 00:00:00,655 - rsi_logs - INFO - RSI calculation completed.
2024-09-08 00:04:10,176 - rsi_logs - INFO - RSI calculation completed.
2024-09-08 08:41:02,779 - rsi_logs - INFO - RSI calculation completed.
2024-09-08 08:42:53,036 - rsi_logs - INFO - RSI calculation completed.
2024-09-08 08:46:45,439 - rsi_logs - INFO - RSI calculation completed.
2024-09-08 10:08:17,611 - rsi_logs - INFO - RSI calculation completed.
2024-09-08 11:08:50,494 - rsi_logs - INFO - RSI calculation completed.
2024-09-08 16:43:18,595 - rsi_logs - INFO - RSI calculation completed.
2024-09-08 16:45:37,186 - rsi_logs - INFO - RSI calculation completed.
2024-09-08 16:59:06,046 - rsi_logs - INFO - RSI calculation completed.
2024-09-08 17:08:11,215 - rsi_logs - INFO - RSI calculation completed.
2024-09-08 17:19:02,279 - rsi_logs - INFO - RSI calculation completed.
2024-09-08 17:19:50,058 - rsi_logs - INFO - RSI calculation completed.
2024-09-08 17:20:50,024 - rsi_logs - INFO - RSI calculation completed.
2024-09-08 17:21:41,590 - rsi_logs - INFO - RSI calculation completed.
2024-09-08 17:27:12,277 - rsi_logs - INFO - RSI calculation completed.
2024-09-08 17:29:59,962 - rsi_logs - INFO - RSI calculation completed.
2024-09-08 17:31:22,729 - rsi_logs - INFO - RSI calculation completed.
2024-09-08 17:34:18,201 - rsi_logs - INFO - RSI calculation completed.
2024-09-08 17:35:05,095 - rsi_logs - INFO - RSI calculation completed.
2024-09-13 23:25:27,253 - rsi_logs - INFO - RSI calculation completed.
2024-09-13 23:36:53,750 - rsi_logs - INFO - RSI calculation completed.
2024-09-13 23:42:14,318 - rsi_logs - INFO - RSI calculation completed.
2024-09-13 23:48:33,954 - rsi_logs - INFO - RSI calculation completed.
2024-09-14 00:11:54,039 - rsi_logs - INFO - RSI calculation completed.
2024-09-14 07:08:54,590 - rsi_logs - INFO - RSI calculation completed.
2024-09-14 13:13:48,223 - rsi_logs - INFO - RSI calculation completed.
2024-09-14 13:13:48,260 - rsi_logs - INFO - Inserted RSI results for EUR_USD into SQLite.
2024-09-14 13:13:48,315 - rsi_logs - INFO - RSI calculation completed.
2024-09-14 13:13:48,343 - rsi_logs - INFO - Inserted RSI results for GBP_USD into SQLite.
2024-09-14 13:13:48,400 - rsi_logs - INFO - RSI calculation completed.
2024-09-14 13:13:48,428 - rsi_logs - INFO - Inserted RSI results for USD_JPY into SQLite.
2024-09-14 13:13:48,482 - rsi_logs - INFO - RSI calculation completed.
2024-09-14 13:13:48,511 - rsi_logs - INFO - Inserted RSI results for AUD_USD into SQLite.
2024-09-14 13:13:48,566 - rsi_logs - INFO - RSI calculation completed.
2024-09-14 13:13:48,594 - rsi_logs - INFO - Inserted RSI results for USD_CHF into SQLite.
2024-09-14 13:13:48,650 - rsi_logs - INFO - RSI calculation completed.
2024-09-14 13:13:48,678 - rsi_logs - INFO - Inserted RSI results for USD_CAD into SQLite.
2024-09-15 18:25:52,451 - rsi_logs - INFO - RSI calculation for period 10 completed.
2024-09-15 18:28:06,117 - rsi_logs - INFO - RSI calculation for period 10 completed.
2024-09-15 18:31:51,738 - rsi_logs - INFO - RSI calculation for period 10 completed.
2024-09-15 18:34:39,310 - rsi_logs - INFO - RSI calculation for period 10 completed.
2024-09-15 18:36:48,249 - rsi_logs - INFO - RSI calculation for period 10 completed.
2024-09-15 18:39:27,798 - rsi_logs - INFO - RSI calculation for period 10 completed.
2024-09-15 18:43:15,775 - rsi_logs - INFO - RSI calculation for period 10 completed.
2024-09-15 18:44:59,542 - rsi_logs - INFO - RSI calculation for period 10 completed.
2024-09-15 18:47:16,889 - rsi_logs - INFO - RSI calculation for period 10 completed.
2024-09-15 18:49:09,049 - rsi_logs - INFO - RSI calculation for period 10 completed.
2024-09-15 18:50:38,029 - rsi_logs - INFO - RSI calculation for period 10 completed.
2024-09-15 19:06:38,622 - rsi_logs - INFO - RSI calculation for period 10 completed.
2024-09-15 19:08:55,085 - rsi_logs - INFO - RSI calculation for period 10 completed.
2024-09-15 19:10:37,592 - rsi_logs - INFO - RSI calculation for period 10 completed.
2024-09-15 19:19:12,326 - rsi_logs - INFO - RSI calculation for period 10 completed.
2024-09-15 19:20:29,992 - rsi_logs - INFO - RSI calculation for period 10 completed.
2024-09-15 19:21:47,270 - rsi_logs - INFO - RSI calculation for period 10 completed.
2024-09-15 19:30:14,456 - rsi_logs - INFO - RSI calculation for period 10 completed.
2024-09-18 15:10:13,462 - rsi_logs - INFO - RSI calculation for period 10 completed.
2024-09-18 15:13:19,211 - rsi_logs - INFO - RSI calculation for period 10 completed.
